<?xml version="1.0" encoding="UTF-8"?>
<testsuite name="Tests" tests="1" skipped="0" failures="1" errors="0" timestamp="2024-08-28T19:16:22" hostname="HOME-001" time="0.967">
  <properties/>
  <testcase name="testMain()" classname="Tests" time="0.967">
    <failure message="kotlinx.serialization.json.internal.JsonDecodingException: Unexpected JSON token at offset 6: Expected start of the object '{', but had '&lt;' instead at path: $&#10;JSON input: &#10;&#10;&#10;&#10;&#10;&#10;&lt;!DOCTYPE html&gt;&#10;&lt;html&#10;  lang=&quot;....." type="kotlinx.serialization.json.internal.JsonDecodingException">kotlinx.serialization.json.internal.JsonDecodingException: Unexpected JSON token at offset 6: Expected start of the object '{', but had '&lt;' instead at path: $
JSON input: 





&lt;!DOCTYPE html&gt;
&lt;html
  lang=&quot;.....
	at kotlinx.serialization.json.internal.JsonExceptionsKt.JsonDecodingException(JsonExceptions.kt:24)
	at kotlinx.serialization.json.internal.JsonExceptionsKt.JsonDecodingException(JsonExceptions.kt:32)
	at kotlinx.serialization.json.internal.AbstractJsonLexer.fail(AbstractJsonLexer.kt:580)
	at kotlinx.serialization.json.internal.AbstractJsonLexer.fail$default(AbstractJsonLexer.kt:578)
	at kotlinx.serialization.json.internal.AbstractJsonLexer.fail$kotlinx_serialization_json(AbstractJsonLexer.kt:231)
	at kotlinx.serialization.json.internal.AbstractJsonLexer.fail$kotlinx_serialization_json$default(AbstractJsonLexer.kt:226)
	at kotlinx.serialization.json.internal.AbstractJsonLexer.unexpectedToken(AbstractJsonLexer.kt:223)
	at kotlinx.serialization.json.internal.StringJsonLexer.consumeNextToken(StringJsonLexer.kt:76)
	at kotlinx.serialization.json.internal.StreamingJsonDecoder.beginStructure(StreamingJsonDecoder.kt:102)
	at io.github.com6235.BadPacks$$serializer.deserialize(Main.kt:23)
	at io.github.com6235.BadPacks$$serializer.deserialize(Main.kt:23)
	at kotlinx.serialization.json.internal.StreamingJsonDecoder.decodeSerializableValue(StreamingJsonDecoder.kt:69)
	at kotlinx.serialization.json.Json.decodeFromString(Json.kt:165)
	at io.github.com6235.MainKt.badSelected_delegate$lambda$0(Main.kt:111)
	at kotlin.SynchronizedLazyImpl.getValue(LazyJVM.kt:74)
	at io.github.com6235.MainKt.getBadSelected(Main.kt:27)
	at io.github.com6235.MainKt.parseTxt(Main.kt:74)
	at io.github.com6235.MainKt.main(Main.kt:46)
	at Tests.testMain(Tests.kt:7)
	at java.base/java.lang.reflect.Method.invoke(Method.java:580)
	at java.base/java.util.ArrayList.forEach(ArrayList.java:1596)
	at java.base/java.util.ArrayList.forEach(ArrayList.java:1596)
</failure>
  </testcase>
  <system-out><![CDATA[]]></system-out>
  <system-err><![CDATA[]]></system-err>
</testsuite>
